TERMINATED
TERMINATED
TERMINATED
TERMINATED
TERMINATED
TERMINATED
스캐너 재시작
TERMINATED
스캐너 재시작
TERMINATED
스캐너 재시작
TERMINATED
스캐너 재시작
TERMINATED
스캐너 재시작
TIMED_WAITING
TERMINATED
스캐너 재시작
RUNNABLE
TERMINATED
스캐너 재시작
RUNNABLE
TERMINATED
스캐너 재시작
RUNNABLE
TERMINATED
스캐너 재시작
RUNNABLE
TIMED_WAITING
RUNNABLE
TIMED_WAITING
RUNNABLE
TERMINATED
스캐너 재시작
RUNNABLE
TIMED_WAITING
취소
TERMINATED
스캐너 재시작
취소
TERMINATED
스캐너 재시작
취소
TERMINATED
스캐너 재시작
취소
TERMINATED
스캐너 재시작
TIMED_WAITING
TIMED_WAITING
TIMED_WAITING
취소
TERMINATED
스캐너 재시작
취소
TERMINATED
취소
TERMINATED
취소
TERMINATED
취소
TERMINATED
취소
TERMINATED
TERMINATED
TERMINATED
RUNNABLE
RUNNABLE
TERMINATED
RUNNABLE
RUNNABLE
RUNNABLE
잘못된 입력입니다.
